#
# There is insufficient memory for the Java Runtime Environment to continue.
# Native memory allocation (malloc) failed to allocate 7819984 bytes. Error detail: Chunk::new
# Possible reasons:
#   The system is out of physical RAM or swap space
#   This process is running with CompressedOops enabled, and the Java Heap may be blocking the growth of the native heap
# Possible solutions:
#   Reduce memory load on the system
#   Increase physical memory or swap space
#   Check if swap backing store is full
#   Decrease Java heap size (-Xmx/-Xms)
#   Decrease number of Java threads
#   Decrease Java thread stack sizes (-Xss)
#   Set larger code cache with -XX:ReservedCodeCacheSize=
#   JVM is running with Unscaled Compressed Oops mode in which the Java heap is
#     placed in the first 4GB address space. The Java Heap base address is the
#     maximum limit for the native heap growth. Please use -XX:HeapBaseMinAddress
#     to set the Java Heap base and to place the Java Heap above 4GB virtual address.
# This output file may be truncated or incomplete.
#
#  Out of Memory Error (arena.cpp:162), pid=33604, tid=14868
#
# JRE version: Java(TM) SE Runtime Environment (24.0.2+12) (build 24.0.2+12-54)
# Java VM: Java HotSpot(TM) 64-Bit Server VM (24.0.2+12-54, mixed mode, sharing, tiered, compressed oops, compressed class ptrs, g1 gc, windows-amd64)
# No core dump will be written. Minidumps are not enabled by default on client versions of Windows
#

---------------  S U M M A R Y ------------

Command Line: C:\Users\alisi\AppData\Local\Temp\surefire2600248381464735820\surefirebooter-20251109144541911_3.jar C:\Users\alisi\AppData\Local\Temp\surefire2600248381464735820 2025-11-09T14-45-41_356-jvmRun1 surefire-20251109144541911_1tmp surefire_0-20251109144541911_2tmp

Host: Intel(R) Core(TM) i5-1035G1 CPU @ 1.00GHz, 8 cores, 7G,  Windows 11 , 64 bit Build 26100 (10.0.26100.6725)
Time: Sun Nov  9 14:45:47 2025 elapsed time: 5.075207 seconds (0d 0h 0m 5s)

---------------  T H R E A D  ---------------

Current thread (0x000001fea6e715f0):  JavaThread "C2 CompilerThread1" daemon [_thread_in_native, id=14868, stack(0x000000760fb00000,0x000000760fc00000) (1024K)]


Current CompileTask:
C2:5075 2279   !   4       java.net.URL::<init> (523 bytes)

Stack: [0x000000760fb00000,0x000000760fc00000]
Native frames: (J=compiled Java code, j=interpreted, Vv=VM code, C=native code)
V  [jvm.dll+0x730829]  (no source info available)
V  [jvm.dll+0x8d9da3]  (no source info available)
V  [jvm.dll+0x8dc28d]  (no source info available)
V  [jvm.dll+0x8dc903]  (no source info available)
V  [jvm.dll+0x2a9f56]  (no source info available)
V  [jvm.dll+0xced7f]  (no source info available)
V  [jvm.dll+0xcefdf]  (no source info available)
V  [jvm.dll+0x154c83]  (no source info available)
V  [jvm.dll+0x73604f]  (no source info available)
V  [jvm.dll+0x26f8dc]  (no source info available)
V  [jvm.dll+0x26e8ff]  (no source info available)
V  [jvm.dll+0x1e9c90]  (no source info available)
V  [jvm.dll+0x27e0cb]  (no source info available)
V  [jvm.dll+0x27c36a]  (no source info available)
V  [jvm.dll+0x42f396]  (no source info available)
V  [jvm.dll+0x87d9eb]  (no source info available)
V  [jvm.dll+0x72ef45]  (no source info available)
C  [ucrtbase.dll+0x37b0]  (no source info available)
C  [KERNEL32.DLL+0x2e8d7]  (no source info available)
C  [ntdll.dll+0x8c53c]  (no source info available)

Lock stack of current Java thread (top to bottom):


---------------  P R O C E S S  ---------------

Threads class SMR info:
_java_thread_list=0x000001fea6fdc460, length=14, elements={
0x000001fe411f5c90, 0x000001fe60246c20, 0x000001fe60247360, 0x000001fe60251310,
0x000001fe60251f30, 0x000001fe602536c0, 0x000001fe60254e50, 0x000001fe602576e0,
0x000001fe60262020, 0x000001fe6034d000, 0x000001fe60362f70, 0x000001fe60548710,
0x000001fe606adab0, 0x000001fea6e715f0
}

Java Threads: ( => current thread )
  0x000001fe411f5c90 JavaThread "main"                              [_thread_in_vm, id=17084, stack(0x000000760e100000,0x000000760e200000) (1024K)]
  0x000001fe60246c20 JavaThread "Reference Handler"          daemon [_thread_blocked, id=25312, stack(0x000000760e900000,0x000000760ea00000) (1024K)]
  0x000001fe60247360 JavaThread "Finalizer"                  daemon [_thread_blocked, id=23272, stack(0x000000760ea00000,0x000000760eb00000) (1024K)]
  0x000001fe60251310 JavaThread "Signal Dispatcher"          daemon [_thread_blocked, id=24520, stack(0x000000760eb00000,0x000000760ec00000) (1024K)]
  0x000001fe60251f30 JavaThread "Attach Listener"            daemon [_thread_blocked, id=16360, stack(0x000000760ec00000,0x000000760ed00000) (1024K)]
  0x000001fe602536c0 JavaThread "Service Thread"             daemon [_thread_blocked, id=19460, stack(0x000000760ed00000,0x000000760ee00000) (1024K)]
  0x000001fe60254e50 JavaThread "Monitor Deflation Thread"   daemon [_thread_blocked, id=32400, stack(0x000000760ee00000,0x000000760ef00000) (1024K)]
  0x000001fe602576e0 JavaThread "C2 CompilerThread0"         daemon [_thread_in_native, id=7584, stack(0x000000760ef00000,0x000000760f000000) (1024K)]
  0x000001fe60262020 JavaThread "C1 CompilerThread0"         daemon [_thread_blocked, id=12316, stack(0x000000760f000000,0x000000760f100000) (1024K)]
  0x000001fe6034d000 JavaThread "Notification Thread"        daemon [_thread_blocked, id=25696, stack(0x000000760f100000,0x000000760f200000) (1024K)]
  0x000001fe60362f70 JavaThread "Common-Cleaner"             daemon [_thread_blocked, id=1176, stack(0x000000760f200000,0x000000760f300000) (1024K)]
  0x000001fe60548710 JavaThread "surefire-forkedjvm-stream-flusher" daemon [_thread_blocked, id=8552, stack(0x000000760f400000,0x000000760f500000) (1024K)]
  0x000001fe606adab0 JavaThread "surefire-forkedjvm-command-thread" daemon [_thread_in_native, id=17676, stack(0x000000760f500000,0x000000760f600000) (1024K)]
=>0x000001fea6e715f0 JavaThread "C2 CompilerThread1"         daemon [_thread_in_native, id=14868, stack(0x000000760fb00000,0x000000760fc00000) (1024K)]
Total: 14

Other Threads:
  0x000001fe602380d0 VMThread "VM Thread"                           [id=23752, stack(0x000000760e800000,0x000000760e900000) (1024K)]
  0x000001fe602240d0 WatcherThread "VM Periodic Task Thread"        [id=16712, stack(0x000000760e700000,0x000000760e800000) (1024K)]
  0x000001fe43580400 WorkerThread "GC Thread#0"                     [id=31288, stack(0x000000760e200000,0x000000760e300000) (1024K)]
  0x000001fea6b75c20 WorkerThread "GC Thread#1"                     [id=23828, stack(0x000000760f300000,0x000000760f400000) (1024K)]
  0x000001fea6b75fd0 WorkerThread "GC Thread#2"                     [id=11248, stack(0x000000760f600000,0x000000760f700000) (1024K)]
  0x000001fea6d91460 WorkerThread "GC Thread#3"                     [id=19488, stack(0x000000760f700000,0x000000760f800000) (1024K)]
  0x000001fea6d91810 WorkerThread "GC Thread#4"                     [id=12380, stack(0x000000760f800000,0x000000760f900000) (1024K)]
  0x000001fea6d91fc0 WorkerThread "GC Thread#5"                     [id=10064, stack(0x000000760f900000,0x000000760fa00000) (1024K)]
  0x000001fea6d92370 WorkerThread "GC Thread#6"                     [id=8580, stack(0x000000760fa00000,0x000000760fb00000) (1024K)]
  0x000001fe43596a40 ConcurrentGCThread "G1 Main Marker"            [id=13376, stack(0x000000760e300000,0x000000760e400000) (1024K)]
  0x000001fe43599100 WorkerThread "G1 Conc#0"                       [id=8112, stack(0x000000760e400000,0x000000760e500000) (1024K)]
  0x000001fe600d5570 ConcurrentGCThread "G1 Refine#0"               [id=13732, stack(0x000000760e500000,0x000000760e600000) (1024K)]
  0x000001fe600d5da0 ConcurrentGCThread "G1 Service"                [id=11156, stack(0x000000760e600000,0x000000760e700000) (1024K)]
Total: 13

Threads with active compile tasks:
C2 CompilerThread0  5215 2101       4       java.lang.invoke.MethodType::methodType (69 bytes)
C2 CompilerThread1  5215 2279   !   4       java.net.URL::<init> (523 bytes)
Total: 2

VM state: not at safepoint (normal execution)

VM Mutex/Monitor currently owned by a thread: None

Heap address: 0x0000000083a00000, size: 1990 MB, Compressed Oops mode: 32-bit

CDS archive(s) mapped at: [0x000001fe61000000-0x000001fe61d40000-0x000001fe61d40000), size 13893632, SharedBaseAddress: 0x000001fe61000000, ArchiveRelocationMode: 1.
Compressed class space mapped at: 0x000001fe62000000-0x000001fea2000000, reserved size: 1073741824
UseCompressedClassPointers 1, UseCompactObjectHeaders 0
Narrow klass pointer bits 32, Max shift 3
Narrow klass base: 0x000001fe61000000, Narrow klass shift: 0
Encoding Range: [0x000001fe61000000 - 0x000001ff61000000), (4294967296 bytes)
Klass Range:    [0x000001fe61000000 - 0x000001fea2000000), (1090519040 bytes)
Klass ID Range:  [8 - 1090519033) (1090519025)

GC Precious Log:
 CardTable entry size: 512
 Card Set container configuration: InlinePtr #cards 5 size 8 Array Of Cards #cards 10 size 36 Howl #buckets 4 coarsen threshold 1843 Howl Bitmap #cards 512 size 80 coarsen threshold 460 Card regions per heap region 1 cards per card region 2048
 CPUs: 8 total, 8 available
 Memory: 7959M
 Large Page Support: Disabled
 NUMA Support: Disabled
 Compressed Oops: Enabled (32-bit)
 Heap Region Size: 1M
 Heap Min Capacity: 8M
 Heap Initial Capacity: 126M
 Heap Max Capacity: 1990M
 Pre-touch: Disabled
 Parallel Workers: 8
 Concurrent Workers: 2
 Concurrent Refinement Workers: 8
 Periodic GC: Disabled

Heap:
 garbage-first heap   total reserved 2037760K, committed 131072K, used 40777K [0x0000000083a00000, 0x0000000100000000)
  region size 1024K, 36 young (36864K), 6 survivors (6144K)
 Metaspace       used 17568K, committed 17856K, reserved 1114112K
  class space    used 1649K, committed 1792K, reserved 1048576K

Heap Regions: E=young(eden), S=young(survivor), O=old, HS=humongous(starts), HC=humongous(continues), CS=collection set, F=free, TAMS=top-at-mark-start, PB=parsable bottom
|   0|0x0000000083a00000, 0x0000000083b00000, 0x0000000083b00000|100%|HS|  |TAMS 0x0000000083a00000| PB 0x0000000083a00000| Complete |  0
|   1|0x0000000083b00000, 0x0000000083bb54a0, 0x0000000083c00000| 70%| O|  |TAMS 0x0000000083b00000| PB 0x0000000083b00000| Untracked |  0
|   2|0x0000000083c00000, 0x0000000083d00000, 0x0000000083d00000|100%|HS|  |TAMS 0x0000000083c00000| PB 0x0000000083c00000| Complete |  0
|   3|0x0000000083d00000, 0x0000000083e00000, 0x0000000083e00000|100%|HS|  |TAMS 0x0000000083d00000| PB 0x0000000083d00000| Complete |  0
|   4|0x0000000083e00000, 0x0000000083f00000, 0x0000000083f00000|100%|HC|  |TAMS 0x0000000083e00000| PB 0x0000000083e00000| Complete |  0
|   5|0x0000000083f00000, 0x0000000083f00000, 0x0000000084000000|  0%| F|  |TAMS 0x0000000083f00000| PB 0x0000000083f00000| Untracked |  0
|   6|0x0000000084000000, 0x0000000084000000, 0x0000000084100000|  0%| F|  |TAMS 0x0000000084000000| PB 0x0000000084000000| Untracked |  0
|   7|0x0000000084100000, 0x0000000084100000, 0x0000000084200000|  0%| F|  |TAMS 0x0000000084100000| PB 0x0000000084100000| Untracked |  0
|   8|0x0000000084200000, 0x0000000084200000, 0x0000000084300000|  0%| F|  |TAMS 0x0000000084200000| PB 0x0000000084200000| Untracked |  0
|   9|0x0000000084300000, 0x0000000084300000, 0x0000000084400000|  0%| F|  |TAMS 0x0000000084300000| PB 0x0000000084300000| Untracked |  0
|  10|0x0000000084400000, 0x0000000084400000, 0x0000000084500000|  0%| F|  |TAMS 0x0000000084400000| PB 0x0000000084400000| Untracked |  0
|  11|0x0000000084500000, 0x0000000084500000, 0x0000000084600000|  0%| F|  |TAMS 0x0000000084500000| PB 0x0000000084500000| Untracked |  0
|  12|0x0000000084600000, 0x0000000084600000, 0x0000000084700000|  0%| F|  |TAMS 0x0000000084600000| PB 0x0000000084600000| Untracked |  0
|  13|0x0000000084700000, 0x0000000084700000, 0x0000000084800000|  0%| F|  |TAMS 0x0000000084700000| PB 0x0000000084700000| Untracked |  0
|  14|0x0000000084800000, 0x0000000084800000, 0x0000000084900000|  0%| F|  |TAMS 0x0000000084800000| PB 0x0000000084800000| Untracked |  0
|  15|0x0000000084900000, 0x0000000084900000, 0x0000000084a00000|  0%| F|  |TAMS 0x0000000084900000| PB 0x0000000084900000| Untracked |  0
|  16|0x0000000084a00000, 0x0000000084a00000, 0x0000000084b00000|  0%| F|  |TAMS 0x0000000084a00000| PB 0x0000000084a00000| Untracked |  0
|  17|0x0000000084b00000, 0x0000000084b00000, 0x0000000084c00000|  0%| F|  |TAMS 0x0000000084b00000| PB 0x0000000084b00000| Untracked |  0
|  18|0x0000000084c00000, 0x0000000084c00000, 0x0000000084d00000|  0%| F|  |TAMS 0x0000000084c00000| PB 0x0000000084c00000| Untracked |  0
|  19|0x0000000084d00000, 0x0000000084d00000, 0x0000000084e00000|  0%| F|  |TAMS 0x0000000084d00000| PB 0x0000000084d00000| Untracked |  0
|  20|0x0000000084e00000, 0x0000000084e00000, 0x0000000084f00000|  0%| F|  |TAMS 0x0000000084e00000| PB 0x0000000084e00000| Untracked |  0
|  21|0x0000000084f00000, 0x0000000084f00000, 0x0000000085000000|  0%| F|  |TAMS 0x0000000084f00000| PB 0x0000000084f00000| Untracked |  0
|  22|0x0000000085000000, 0x0000000085000000, 0x0000000085100000|  0%| F|  |TAMS 0x0000000085000000| PB 0x0000000085000000| Untracked |  0
|  23|0x0000000085100000, 0x0000000085100000, 0x0000000085200000|  0%| F|  |TAMS 0x0000000085100000| PB 0x0000000085100000| Untracked |  0
|  24|0x0000000085200000, 0x0000000085200000, 0x0000000085300000|  0%| F|  |TAMS 0x0000000085200000| PB 0x0000000085200000| Untracked |  0
|  25|0x0000000085300000, 0x0000000085300000, 0x0000000085400000|  0%| F|  |TAMS 0x0000000085300000| PB 0x0000000085300000| Untracked |  0
|  26|0x0000000085400000, 0x0000000085400000, 0x0000000085500000|  0%| F|  |TAMS 0x0000000085400000| PB 0x0000000085400000| Untracked |  0
|  27|0x0000000085500000, 0x0000000085500000, 0x0000000085600000|  0%| F|  |TAMS 0x0000000085500000| PB 0x0000000085500000| Untracked |  0
|  28|0x0000000085600000, 0x0000000085600000, 0x0000000085700000|  0%| F|  |TAMS 0x0000000085600000| PB 0x0000000085600000| Untracked |  0
|  29|0x0000000085700000, 0x0000000085700000, 0x0000000085800000|  0%| F|  |TAMS 0x0000000085700000| PB 0x0000000085700000| Untracked |  0
|  30|0x0000000085800000, 0x0000000085800000, 0x0000000085900000|  0%| F|  |TAMS 0x0000000085800000| PB 0x0000000085800000| Untracked |  0
|  31|0x0000000085900000, 0x0000000085900000, 0x0000000085a00000|  0%| F|  |TAMS 0x0000000085900000| PB 0x0000000085900000| Untracked |  0
|  32|0x0000000085a00000, 0x0000000085a00000, 0x0000000085b00000|  0%| F|  |TAMS 0x0000000085a00000| PB 0x0000000085a00000| Untracked |  0
|  33|0x0000000085b00000, 0x0000000085b00000, 0x0000000085c00000|  0%| F|  |TAMS 0x0000000085b00000| PB 0x0000000085b00000| Untracked |  0
|  34|0x0000000085c00000, 0x0000000085c00000, 0x0000000085d00000|  0%| F|  |TAMS 0x0000000085c00000| PB 0x0000000085c00000| Untracked |  0
|  35|0x0000000085d00000, 0x0000000085d00000, 0x0000000085e00000|  0%| F|  |TAMS 0x0000000085d00000| PB 0x0000000085d00000| Untracked |  0
|  36|0x0000000085e00000, 0x0000000085e00000, 0x0000000085f00000|  0%| F|  |TAMS 0x0000000085e00000| PB 0x0000000085e00000| Untracked |  0
|  37|0x0000000085f00000, 0x0000000085f00000, 0x0000000086000000|  0%| F|  |TAMS 0x0000000085f00000| PB 0x0000000085f00000| Untracked |  0
|  38|0x0000000086000000, 0x0000000086000000, 0x0000000086100000|  0%| F|  |TAMS 0x0000000086000000| PB 0x0000000086000000| Untracked |  0
|  39|0x0000000086100000, 0x0000000086100000, 0x0000000086200000|  0%| F|  |TAMS 0x0000000086100000| PB 0x0000000086100000| Untracked |  0
|  40|0x0000000086200000, 0x0000000086200000, 0x0000000086300000|  0%| F|  |TAMS 0x0000000086200000| PB 0x0000000086200000| Untracked |  0
|  41|0x0000000086300000, 0x0000000086300000, 0x0000000086400000|  0%| F|  |TAMS 0x0000000086300000| PB 0x0000000086300000| Untracked |  0
|  42|0x0000000086400000, 0x0000000086400000, 0x0000000086500000|  0%| F|  |TAMS 0x0000000086400000| PB 0x0000000086400000| Untracked |  0
|  43|0x0000000086500000, 0x0000000086500000, 0x0000000086600000|  0%| F|  |TAMS 0x0000000086500000| PB 0x0000000086500000| Untracked |  0
|  44|0x0000000086600000, 0x0000000086600000, 0x0000000086700000|  0%| F|  |TAMS 0x0000000086600000| PB 0x0000000086600000| Untracked |  0
|  45|0x0000000086700000, 0x0000000086700000, 0x0000000086800000|  0%| F|  |TAMS 0x0000000086700000| PB 0x0000000086700000| Untracked |  0
|  46|0x0000000086800000, 0x0000000086800000, 0x0000000086900000|  0%| F|  |TAMS 0x0000000086800000| PB 0x0000000086800000| Untracked |  0
|  47|0x0000000086900000, 0x0000000086900000, 0x0000000086a00000|  0%| F|  |TAMS 0x0000000086900000| PB 0x0000000086900000| Untracked |  0
|  48|0x0000000086a00000, 0x0000000086a00000, 0x0000000086b00000|  0%| F|  |TAMS 0x0000000086a00000| PB 0x0000000086a00000| Untracked |  0
|  49|0x0000000086b00000, 0x0000000086b00000, 0x0000000086c00000|  0%| F|  |TAMS 0x0000000086b00000| PB 0x0000000086b00000| Untracked |  0
|  50|0x0000000086c00000, 0x0000000086c00000, 0x0000000086d00000|  0%| F|  |TAMS 0x0000000086c00000| PB 0x0000000086c00000| Untracked |  0
|  51|0x0000000086d00000, 0x0000000086d00000, 0x0000000086e00000|  0%| F|  |TAMS 0x0000000086d00000| PB 0x0000000086d00000| Untracked |  0
|  52|0x0000000086e00000, 0x0000000086e00000, 0x0000000086f00000|  0%| F|  |TAMS 0x0000000086e00000| PB 0x0000000086e00000| Untracked |  0
|  53|0x0000000086f00000, 0x0000000086f00000, 0x0000000087000000|  0%| F|  |TAMS 0x0000000086f00000| PB 0x0000000086f00000| Untracked |  0
|  54|0x0000000087000000, 0x0000000087000000, 0x0000000087100000|  0%| F|  |TAMS 0x0000000087000000| PB 0x0000000087000000| Untracked |  0
|  55|0x0000000087100000, 0x0000000087100000, 0x0000000087200000|  0%| F|  |TAMS 0x0000000087100000| PB 0x0000000087100000| Untracked |  0
|  56|0x0000000087200000, 0x0000000087200000, 0x0000000087300000|  0%| F|  |TAMS 0x0000000087200000| PB 0x0000000087200000| Untracked |  0
|  57|0x0000000087300000, 0x0000000087300000, 0x0000000087400000|  0%| F|  |TAMS 0x0000000087300000| PB 0x0000000087300000| Untracked |  0
|  58|0x0000000087400000, 0x0000000087400000, 0x0000000087500000|  0%| F|  |TAMS 0x0000000087400000| PB 0x0000000087400000| Untracked |  0
|  59|0x0000000087500000, 0x0000000087500000, 0x0000000087600000|  0%| F|  |TAMS 0x0000000087500000| PB 0x0000000087500000| Untracked |  0
|  60|0x0000000087600000, 0x0000000087600000, 0x0000000087700000|  0%| F|  |TAMS 0x0000000087600000| PB 0x0000000087600000| Untracked |  0
|  61|0x0000000087700000, 0x0000000087700000, 0x0000000087800000|  0%| F|  |TAMS 0x0000000087700000| PB 0x0000000087700000| Untracked |  0
|  62|0x0000000087800000, 0x0000000087800000, 0x0000000087900000|  0%| F|  |TAMS 0x0000000087800000| PB 0x0000000087800000| Untracked |  0
|  63|0x0000000087900000, 0x0000000087900000, 0x0000000087a00000|  0%| F|  |TAMS 0x0000000087900000| PB 0x0000000087900000| Untracked |  0
|  64|0x0000000087a00000, 0x0000000087a00000, 0x0000000087b00000|  0%| F|  |TAMS 0x0000000087a00000| PB 0x0000000087a00000| Untracked |  0
|  65|0x0000000087b00000, 0x0000000087b00000, 0x0000000087c00000|  0%| F|  |TAMS 0x0000000087b00000| PB 0x0000000087b00000| Untracked |  0
|  66|0x0000000087c00000, 0x0000000087c00000, 0x0000000087d00000|  0%| F|  |TAMS 0x0000000087c00000| PB 0x0000000087c00000| Untracked |  0
|  67|0x0000000087d00000, 0x0000000087d00000, 0x0000000087e00000|  0%| F|  |TAMS 0x0000000087d00000| PB 0x0000000087d00000| Untracked |  0
|  68|0x0000000087e00000, 0x0000000087e00000, 0x0000000087f00000|  0%| F|  |TAMS 0x0000000087e00000| PB 0x0000000087e00000| Untracked |  0
|  69|0x0000000087f00000, 0x0000000087f00000, 0x0000000088000000|  0%| F|  |TAMS 0x0000000087f00000| PB 0x0000000087f00000| Untracked |  0
|  70|0x0000000088000000, 0x0000000088000000, 0x0000000088100000|  0%| F|  |TAMS 0x0000000088000000| PB 0x0000000088000000| Untracked |  0
|  71|0x0000000088100000, 0x0000000088100000, 0x0000000088200000|  0%| F|  |TAMS 0x0000000088100000| PB 0x0000000088100000| Untracked |  0
|  72|0x0000000088200000, 0x0000000088200000, 0x0000000088300000|  0%| F|  |TAMS 0x0000000088200000| PB 0x0000000088200000| Untracked |  0
|  73|0x0000000088300000, 0x0000000088400000, 0x0000000088400000|100%| S|CS|TAMS 0x0000000088300000| PB 0x0000000088300000| Complete |  0
|  74|0x0000000088400000, 0x0000000088500000, 0x0000000088500000|100%| S|CS|TAMS 0x0000000088400000| PB 0x0000000088400000| Complete |  0
|  75|0x0000000088500000, 0x0000000088600000, 0x0000000088600000|100%| S|CS|TAMS 0x0000000088500000| PB 0x0000000088500000| Complete |  0
|  76|0x0000000088600000, 0x0000000088700000, 0x0000000088700000|100%| S|CS|TAMS 0x0000000088600000| PB 0x0000000088600000| Complete |  0
|  77|0x0000000088700000, 0x0000000088800000, 0x0000000088800000|100%| S|CS|TAMS 0x0000000088700000| PB 0x0000000088700000| Complete |  0
|  78|0x0000000088800000, 0x0000000088900000, 0x0000000088900000|100%| S|CS|TAMS 0x0000000088800000| PB 0x0000000088800000| Complete |  0
|  79|0x0000000088900000, 0x0000000088900000, 0x0000000088a00000|  0%| F|  |TAMS 0x0000000088900000| PB 0x0000000088900000| Untracked |  0
|  80|0x0000000088a00000, 0x0000000088a00000, 0x0000000088b00000|  0%| F|  |TAMS 0x0000000088a00000| PB 0x0000000088a00000| Untracked |  0
|  81|0x0000000088b00000, 0x0000000088b00000, 0x0000000088c00000|  0%| F|  |TAMS 0x0000000088b00000| PB 0x0000000088b00000| Untracked |  0
|  82|0x0000000088c00000, 0x0000000088c00000, 0x0000000088d00000|  0%| F|  |TAMS 0x0000000088c00000| PB 0x0000000088c00000| Untracked |  0
|  83|0x0000000088d00000, 0x0000000088d00000, 0x0000000088e00000|  0%| F|  |TAMS 0x0000000088d00000| PB 0x0000000088d00000| Untracked |  0
|  84|0x0000000088e00000, 0x0000000088e00000, 0x0000000088f00000|  0%| F|  |TAMS 0x0000000088e00000| PB 0x0000000088e00000| Untracked |  0
|  85|0x0000000088f00000, 0x0000000088f00000, 0x0000000089000000|  0%| F|  |TAMS 0x0000000088f00000| PB 0x0000000088f00000| Untracked |  0
|  86|0x0000000089000000, 0x0000000089000000, 0x0000000089100000|  0%| F|  |TAMS 0x0000000089000000| PB 0x0000000089000000| Untracked |  0
|  87|0x0000000089100000, 0x0000000089100000, 0x0000000089200000|  0%| F|  |TAMS 0x0000000089100000| PB 0x0000000089100000| Untracked |  0
|  88|0x0000000089200000, 0x0000000089200000, 0x0000000089300000|  0%| F|  |TAMS 0x0000000089200000| PB 0x0000000089200000| Untracked |  0
|  89|0x0000000089300000, 0x0000000089300000, 0x0000000089400000|  0%| F|  |TAMS 0x0000000089300000| PB 0x0000000089300000| Untracked |  0
|  90|0x0000000089400000, 0x0000000089400000, 0x0000000089500000|  0%| F|  |TAMS 0x0000000089400000| PB 0x0000000089400000| Untracked |  0
|  91|0x0000000089500000, 0x0000000089500000, 0x0000000089600000|  0%| F|  |TAMS 0x0000000089500000| PB 0x0000000089500000| Untracked |  0
|  92|0x0000000089600000, 0x0000000089600000, 0x0000000089700000|  0%| F|  |TAMS 0x0000000089600000| PB 0x0000000089600000| Untracked |  0
|  93|0x0000000089700000, 0x0000000089700000, 0x0000000089800000|  0%| F|  |TAMS 0x0000000089700000| PB 0x0000000089700000| Untracked |  0
|  94|0x0000000089800000, 0x0000000089800000, 0x0000000089900000|  0%| F|  |TAMS 0x0000000089800000| PB 0x0000000089800000| Untracked |  0
|  95|0x0000000089900000, 0x0000000089900000, 0x0000000089a00000|  0%| F|  |TAMS 0x0000000089900000| PB 0x0000000089900000| Untracked |  0
|  96|0x0000000089a00000, 0x0000000089b00000, 0x0000000089b00000|100%| E|  |TAMS 0x0000000089a00000| PB 0x0000000089a00000| Complete |  0
|  97|0x0000000089b00000, 0x0000000089c00000, 0x0000000089c00000|100%| E|CS|TAMS 0x0000000089b00000| PB 0x0000000089b00000| Complete |  0
|  98|0x0000000089c00000, 0x0000000089d00000, 0x0000000089d00000|100%| E|CS|TAMS 0x0000000089c00000| PB 0x0000000089c00000| Complete |  0
|  99|0x0000000089d00000, 0x0000000089e00000, 0x0000000089e00000|100%| E|CS|TAMS 0x0000000089d00000| PB 0x0000000089d00000| Complete |  0
| 100|0x0000000089e00000, 0x0000000089f00000, 0x0000000089f00000|100%| E|CS|TAMS 0x0000000089e00000| PB 0x0000000089e00000| Complete |  0
| 101|0x0000000089f00000, 0x000000008a000000, 0x000000008a000000|100%| E|CS|TAMS 0x0000000089f00000| PB 0x0000000089f00000| Complete |  0
| 102|0x000000008a000000, 0x000000008a100000, 0x000000008a100000|100%| E|CS|TAMS 0x000000008a000000| PB 0x000000008a000000| Complete |  0
| 103|0x000000008a100000, 0x000000008a200000, 0x000000008a200000|100%| E|CS|TAMS 0x000000008a100000| PB 0x000000008a100000| Complete |  0
| 104|0x000000008a200000, 0x000000008a300000, 0x000000008a300000|100%| E|CS|TAMS 0x000000008a200000| PB 0x000000008a200000| Complete |  0
| 105|0x000000008a300000, 0x000000008a400000, 0x000000008a400000|100%| E|CS|TAMS 0x000000008a300000| PB 0x000000008a300000| Complete |  0
| 106|0x000000008a400000, 0x000000008a500000, 0x000000008a500000|100%| E|CS|TAMS 0x000000008a400000| PB 0x000000008a400000| Complete |  0
| 107|0x000000008a500000, 0x000000008a600000, 0x000000008a600000|100%| E|CS|TAMS 0x000000008a500000| PB 0x000000008a500000| Complete |  0
| 108|0x000000008a600000, 0x000000008a700000, 0x000000008a700000|100%| E|  |TAMS 0x000000008a600000| PB 0x000000008a600000| Complete |  0
| 109|0x000000008a700000, 0x000000008a800000, 0x000000008a800000|100%| E|CS|TAMS 0x000000008a700000| PB 0x000000008a700000| Complete |  0
| 110|0x000000008a800000, 0x000000008a900000, 0x000000008a900000|100%| E|CS|TAMS 0x000000008a800000| PB 0x000000008a800000| Complete |  0
| 111|0x000000008a900000, 0x000000008aa00000, 0x000000008aa00000|100%| E|CS|TAMS 0x000000008a900000| PB 0x000000008a900000| Complete |  0
| 112|0x000000008aa00000, 0x000000008ab00000, 0x000000008ab00000|100%| E|CS|TAMS 0x000000008aa00000| PB 0x000000008aa00000| Complete |  0
| 113|0x000000008ab00000, 0x000000008ac00000, 0x000000008ac00000|100%| E|CS|TAMS 0x000000008ab00000| PB 0x000000008ab00000| Complete |  0
| 114|0x000000008ac00000, 0x000000008ad00000, 0x000000008ad00000|100%| E|CS|TAMS 0x000000008ac00000| PB 0x000000008ac00000| Complete |  0
| 115|0x000000008ad00000, 0x000000008ae00000, 0x000000008ae00000|100%| E|CS|TAMS 0x000000008ad00000| PB 0x000000008ad00000| Complete |  0
| 116|0x000000008ae00000, 0x000000008af00000, 0x000000008af00000|100%| E|CS|TAMS 0x000000008ae00000| PB 0x000000008ae00000| Complete |  0
| 117|0x000000008af00000, 0x000000008b000000, 0x000000008b000000|100%| E|CS|TAMS 0x000000008af00000| PB 0x000000008af00000| Complete |  0
| 118|0x000000008b000000, 0x000000008b100000, 0x000000008b100000|100%| E|CS|TAMS 0x000000008b000000| PB 0x000000008b000000| Complete |  0
| 119|0x000000008b100000, 0x000000008b200000, 0x000000008b200000|100%| E|CS|TAMS 0x000000008b100000| PB 0x000000008b100000| Complete |  0
| 120|0x000000008b200000, 0x000000008b300000, 0x000000008b300000|100%| E|CS|TAMS 0x000000008b200000| PB 0x000000008b200000| Complete |  0
| 121|0x000000008b300000, 0x000000008b400000, 0x000000008b400000|100%| E|CS|TAMS 0x000000008b300000| PB 0x000000008b300000| Complete |  0
| 122|0x000000008b400000, 0x000000008b500000, 0x000000008b500000|100%| E|CS|TAMS 0x000000008b400000| PB 0x000000008b400000| Complete |  0
| 123|0x000000008b500000, 0x000000008b600000, 0x000000008b600000|100%| E|CS|TAMS 0x000000008b500000| PB 0x000000008b500000| Complete |  0
| 124|0x000000008b600000, 0x000000008b700000, 0x000000008b700000|100%| E|CS|TAMS 0x000000008b600000| PB 0x000000008b600000| Complete |  0
| 125|0x000000008b700000, 0x000000008b800000, 0x000000008b800000|100%| E|CS|TAMS 0x000000008b700000| PB 0x000000008b700000| Complete |  0
|1988|0x00000000ffe00000, 0x00000000fff00000, 0x00000000fff00000|100%| O|  |TAMS 0x00000000ffe00000| PB 0x00000000ffe00000| Untracked |  0
|1989|0x00000000fff00000, 0x00000000fff1d248, 0x0000000100000000| 11%| O|  |TAMS 0x00000000fff00000| PB 0x00000000fff00000| Untracked |  0

Card table byte_map: [0x000001fe5b4f0000,0x000001fe5b8e0000] _byte_map_base: 0x000001fe5b0d3000

Marking Bits: (CMBitMap*) 0x000001fe43581b20
 Bits: [0x000001fe5b8e0000, 0x000001fe5d7f8000)

Polling page: 0x000001fe42cf0000

Metaspace:

Usage:
  Non-class:     15.55 MB used.
      Class:      1.61 MB used.
       Both:     17.16 MB used.

Virtual space:
  Non-class space:       64.00 MB reserved,      15.69 MB ( 25%) committed,  1 nodes.
      Class space:        1.00 GB reserved,       1.75 MB ( <1%) committed,  1 nodes.
             Both:        1.06 GB reserved,      17.44 MB (  2%) committed. 

Chunk freelists:
   Non-Class:  304.00 KB
       Class:  14.17 MB
        Both:  14.47 MB

MaxMetaspaceSize: unlimited
CompressedClassSpaceSize: 1.00 GB
Initial GC threshold: 21.00 MB
Current GC threshold: 21.00 MB
CDS: on
 - commit_granule_bytes: 65536.
 - commit_granule_words: 8192.
 - virtual_space_node_default_size: 8388608.
 - enlarge_chunks_in_place: 1.
UseCompressedClassPointers 1, UseCompactObjectHeaders 0
Narrow klass pointer bits 32, Max shift 3
Narrow klass base: 0x000001fe61000000, Narrow klass shift: 0
Encoding Range: [0x000001fe61000000 - 0x000001ff61000000), (4294967296 bytes)
Klass Range:    [0x000001fe61000000 - 0x000001fea2000000), (1090519040 bytes)
Klass ID Range:  [8 - 1090519033) (1090519025)


Internal statistics:

num_allocs_failed_limit: 0.
num_arena_births: 200.
num_arena_deaths: 0.
num_vsnodes_births: 2.
num_vsnodes_deaths: 0.
num_space_committed: 279.
num_space_uncommitted: 0.
num_chunks_returned_to_freelist: 0.
num_chunks_taken_from_freelist: 739.
num_chunk_merges: 0.
num_chunk_splits: 508.
num_chunks_enlarged: 406.
num_inconsistent_stats: 0.

CodeHeap 'non-profiled nmethods': size=120064Kb used=744Kb max_used=744Kb free=119319Kb
 bounds [0x000001fe53890000, 0x000001fe53b00000, 0x000001fe5add0000]
CodeHeap 'profiled nmethods': size=120000Kb used=4449Kb max_used=4449Kb free=115550Kb
 bounds [0x000001fe4bdd0000, 0x000001fe4c230000, 0x000001fe53300000]
CodeHeap 'non-nmethods': size=5696Kb used=2666Kb max_used=2712Kb free=3029Kb
 bounds [0x000001fe53300000, 0x000001fe535b0000, 0x000001fe53890000]
CodeCache: size=245760Kb, used=7859Kb, max_used=7905Kb, free=237898Kb
 total_blobs=3310, nmethods=2535, adapters=679, full_count=0
Compilation: enabled, stopped_count=0, restarted_count=0

Compilation events (20 events):
Event: 4.989 Thread 0x000001fe60262020 2452       3       java.util.regex.Pattern::nextEscaped (19 bytes)
Event: 4.989 Thread 0x000001fe60262020 nmethod 2452 0x000001fe4c1e9788 code [0x000001fe4c1e98a0, 0x000001fe4c1e99d8]
Event: 4.989 Thread 0x000001fe60262020 2453       3       sun.reflect.generics.tree.TypeVariableSignature::accept (8 bytes)
Event: 4.989 Thread 0x000001fe60262020 nmethod 2453 0x000001fe4c1e9a88 code [0x000001fe4c1e9bc0, 0x000001fe4c1e9e80]
Event: 4.989 Thread 0x000001fe60262020 2454       3       sun.reflect.generics.visitor.Reifier::visitTypeVariableSignature (18 bytes)
Event: 4.990 Thread 0x000001fe60262020 nmethod 2454 0x000001fe4c1e9f08 code [0x000001fe4c1ea040, 0x000001fe4c1ea258]
Event: 4.990 Thread 0x000001fe60262020 2455       3       sun.reflect.generics.factory.CoreReflectionFactory::findTypeVariable (27 bytes)
Event: 4.990 Thread 0x000001fe60262020 nmethod 2455 0x000001fe4c1ea308 code [0x000001fe4c1ea440, 0x000001fe4c1ea780]
Event: 4.990 Thread 0x000001fe60262020 2457       3       java.util.Arrays::stream (8 bytes)
Event: 4.990 Thread 0x000001fe60262020 nmethod 2457 0x000001fe4c1ea808 code [0x000001fe4c1ea940, 0x000001fe4c1eab60]
Event: 4.990 Thread 0x000001fe60262020 2458       3       java.util.Arrays::stream (11 bytes)
Event: 4.991 Thread 0x000001fe60262020 nmethod 2458 0x000001fe4c1eab88 code [0x000001fe4c1eacc0, 0x000001fe4c1eae70]
Event: 4.991 Thread 0x000001fe60262020 2459       3       java.util.Arrays::spliterator (10 bytes)
Event: 4.991 Thread 0x000001fe60262020 nmethod 2459 0x000001fe4c1eae88 code [0x000001fe4c1eafa0, 0x000001fe4c1eb0b8]
Event: 4.991 Thread 0x000001fe60262020 2456       3       sun.reflect.generics.parser.SignatureParser::parseMethodTypeSignature (41 bytes)
Event: 4.991 Thread 0x000001fe60262020 nmethod 2456 0x000001fe4c1eb188 code [0x000001fe4c1eb340, 0x000001fe4c1eb860]
Event: 4.991 Thread 0x000001fe60262020 2461       3       java.util.LinkedList::checkPositionIndex (22 bytes)
Event: 4.992 Thread 0x000001fe60262020 nmethod 2461 0x000001fe4c1eb908 code [0x000001fe4c1ebb00, 0x000001fe4c1ec710]
Event: 4.992 Thread 0x000001fe60262020 2460       3       org.codehaus.groovy.reflection.CachedClass::getCachedSuperClass (11 bytes)
Event: 4.993 Thread 0x000001fe60262020 nmethod 2460 0x000001fe4c1ec788 code [0x000001fe4c1ec8a0, 0x000001fe4c1ecb40]

GC Heap History (2 events):
Event: 3.454 GC heap before
{Heap before GC invocations=0 (full 0):
 garbage-first heap   total reserved 2037760K, committed 131072K, used 50292K [0x0000000083a00000, 0x0000000100000000)
  region size 1024K, 47 young (48128K), 0 survivors (0K)
 Metaspace       used 10841K, committed 11008K, reserved 1114112K
  class space    used 1080K, committed 1152K, reserved 1048576K
}
Event: 3.472 GC heap after
{Heap after GC invocations=1 (full 0):
 garbage-first heap   total reserved 2037760K, committed 131072K, used 9033K [0x0000000083a00000, 0x0000000100000000)
  region size 1024K, 6 young (6144K), 6 survivors (6144K)
 Metaspace       used 10841K, committed 11008K, reserved 1114112K
  class space    used 1080K, committed 1152K, reserved 1048576K
}

Dll operation events (9 events):
Event: 0.016 Loaded shared library C:\Program Files\Java\jdk-24\bin\java.dll
Event: 0.084 Loaded shared library C:\Program Files\Java\jdk-24\bin\jsvml.dll
Event: 0.102 Loaded shared library C:\Program Files\Java\jdk-24\bin\net.dll
Event: 0.107 Loaded shared library C:\Program Files\Java\jdk-24\bin\nio.dll
Event: 0.115 Loaded shared library C:\Program Files\Java\jdk-24\bin\zip.dll
Event: 0.250 Loaded shared library C:\Program Files\Java\jdk-24\bin\management.dll
Event: 0.258 Loaded shared library C:\Program Files\Java\jdk-24\bin\management_ext.dll
Event: 0.309 Loaded shared library C:\Program Files\Java\jdk-24\bin\jimage.dll
Event: 3.522 Loaded shared library C:\Program Files\Java\jdk-24\bin\verify.dll

Deoptimization events (20 events):
Event: 3.970 Thread 0x000001fe411f5c90 Uncommon trap: trap_request=0xffffff6e fr.pc=0x000001fe53921b68 relative=0x0000000000000268
Event: 3.970 Thread 0x000001fe411f5c90 Uncommon trap: reason=loop_limit_check action=maybe_recompile pc=0x000001fe53921b68 method=java.math.BigInteger.implMulAdd([I[IIII)I @ 26 c2
Event: 3.970 Thread 0x000001fe411f5c90 DEOPT PACKING pc=0x000001fe53921b68 sp=0x000000760e1f72d0
Event: 3.970 Thread 0x000001fe411f5c90 DEOPT UNPACKING pc=0x000001fe53426d02 sp=0x000000760e1f7220 mode 2
Event: 4.295 Thread 0x000001fe411f5c90 Uncommon trap: trap_request=0xffffff4d fr.pc=0x000001fe538eeaf0 relative=0x00000000000000d0
Event: 4.295 Thread 0x000001fe411f5c90 Uncommon trap: reason=unstable_if action=reinterpret pc=0x000001fe538eeaf0 method=sun.reflect.generics.parser.SignatureParser.current()C @ 39 c2
Event: 4.295 Thread 0x000001fe411f5c90 DEOPT PACKING pc=0x000001fe538eeaf0 sp=0x000000760e1f93a0
Event: 4.295 Thread 0x000001fe411f5c90 DEOPT UNPACKING pc=0x000001fe53426d02 sp=0x000000760e1f9338 mode 2
Event: 4.564 Thread 0x000001fe411f5c90 Uncommon trap: trap_request=0xffffff4d fr.pc=0x000001fe53918568 relative=0x00000000000035c8
Event: 4.564 Thread 0x000001fe411f5c90 Uncommon trap: reason=unstable_if action=reinterpret pc=0x000001fe53918568 method=jdk.internal.classfile.impl.StackMapGenerator.processBlock(Ljdk/internal/classfile/impl/RawBytecodeHelper;)Z @ 56 c2
Event: 4.564 Thread 0x000001fe411f5c90 DEOPT PACKING pc=0x000001fe53918568 sp=0x000000760e1fa030
Event: 4.564 Thread 0x000001fe411f5c90 DEOPT UNPACKING pc=0x000001fe53426d02 sp=0x000000760e1f9fa8 mode 2
Event: 4.700 Thread 0x000001fe411f5c90 Uncommon trap: trap_request=0xffffffc6 fr.pc=0x000001fe53927cb8 relative=0x0000000000000698
Event: 4.700 Thread 0x000001fe411f5c90 Uncommon trap: reason=bimorphic_or_optimized_type_check action=maybe_recompile pc=0x000001fe53927cb8 method=java.util.HashMap.putVal(ILjava/lang/Object;Ljava/lang/Object;ZZ)Ljava/lang/Object; @ 253 c2
Event: 4.700 Thread 0x000001fe411f5c90 DEOPT PACKING pc=0x000001fe53927cb8 sp=0x000000760e1fc990
Event: 4.700 Thread 0x000001fe411f5c90 DEOPT UNPACKING pc=0x000001fe53426d02 sp=0x000000760e1fc930 mode 2
Event: 4.700 Thread 0x000001fe411f5c90 Uncommon trap: trap_request=0xffffffc6 fr.pc=0x000001fe53927cb8 relative=0x0000000000000698
Event: 4.700 Thread 0x000001fe411f5c90 Uncommon trap: reason=bimorphic_or_optimized_type_check action=maybe_recompile pc=0x000001fe53927cb8 method=java.util.HashMap.putVal(ILjava/lang/Object;Ljava/lang/Object;ZZ)Ljava/lang/Object; @ 253 c2
Event: 4.700 Thread 0x000001fe411f5c90 DEOPT PACKING pc=0x000001fe53927cb8 sp=0x000000760e1fc990
Event: 4.700 Thread 0x000001fe411f5c90 DEOPT UNPACKING pc=0x000001fe53426d02 sp=0x000000760e1fc930 mode 2

Classes loaded (20 events):
Event: 4.809 Loading class java/util/AbstractMapBeanInfo
Event: 4.809 Loading class java/util/AbstractMapBeanInfo done
Event: 4.809 Loading class java/util/AbstractMapCustomizer
Event: 4.809 Loading class java/util/AbstractMapCustomizer done
Event: 4.809 Loading class java/util/AbstractMapCustomizer
Event: 4.809 Loading class java/util/AbstractMapCustomizer done
Event: 4.814 Loading class java/util/HashMapCustomizer
Event: 4.814 Loading class java/util/HashMapCustomizer done
Event: 4.814 Loading class java/util/HashMapCustomizer
Event: 4.814 Loading class java/util/HashMapCustomizer done
Event: 4.820 Loading class java/util/LinkedHashMapCustomizer
Event: 4.820 Loading class java/util/LinkedHashMapCustomizer done
Event: 4.820 Loading class java/util/LinkedHashMapCustomizer
Event: 4.820 Loading class java/util/LinkedHashMapCustomizer done
Event: 4.894 Loading class sun/invoke/util/ValueConversions$1
Event: 4.895 Loading class sun/invoke/util/ValueConversions$1 done
Event: 4.896 Loading class java/lang/invoke/BoundMethodHandle$Species_LI
Event: 4.896 Loading class java/lang/invoke/BoundMethodHandle$Species_LI done
Event: 4.918 Loading class jdk/internal/reflect/MethodHandleIntegerFieldAccessorImpl
Event: 4.918 Loading class jdk/internal/reflect/MethodHandleIntegerFieldAccessorImpl done

Classes unloaded (0 events):
No events

Classes redefined (0 events):
No events

Internal exceptions (20 events):
Event: 4.835 Thread 0x000001fe411f5c90 Exception <a 'java/lang/ClassNotFoundException'{0x000000008a04ce38}: io/restassured/http/CookiesCustomizer> (0x000000008a04ce38) 
thrown [s\open\src\hotspot\share\classfile\systemDictionary.cpp, line 327]
Event: 4.843 Thread 0x000001fe411f5c90 Exception <a 'java/lang/ClassNotFoundException'{0x000000008a0722e0}: io/restassured/internal/RequestSpecificationImpl$1BeanInfo> (0x000000008a0722e0) 
thrown [s\open\src\hotspot\share\classfile\systemDictionary.cpp, line 327]
Event: 4.843 Thread 0x000001fe411f5c90 Exception <a 'java/lang/ClassNotFoundException'{0x000000008a0755c8}: io/restassured/internal/RequestSpecificationImpl$1Customizer> (0x000000008a0755c8) 
thrown [s\open\src\hotspot\share\classfile\systemDictionary.cpp, line 327]
Event: 4.849 Thread 0x000001fe411f5c90 Exception <a 'java/lang/ClassNotFoundException'{0x000000008a091cc8}: io/restassured/internal/support/ParameterUpdaterBeanInfo> (0x000000008a091cc8) 
thrown [s\open\src\hotspot\share\classfile\systemDictionary.cpp, line 327]
Event: 4.850 Thread 0x000001fe411f5c90 Exception <a 'java/lang/ClassNotFoundException'{0x000000008a094f50}: io/restassured/internal/support/ParameterUpdaterCustomizer> (0x000000008a094f50) 
thrown [s\open\src\hotspot\share\classfile\systemDictionary.cpp, line 327]
Event: 4.865 Thread 0x000001fe411f5c90 Exception <a 'java/lang/ClassNotFoundException'{0x0000000089f23148}: io/restassured/internal/RequestSpecificationImplBeanInfo> (0x0000000089f23148) 
thrown [s\open\src\hotspot\share\classfile\systemDictionary.cpp, line 327]
Event: 4.865 Thread 0x000001fe411f5c90 Exception <a 'java/lang/ClassNotFoundException'{0x0000000089f26108}: io/restassured/internal/RequestSpecificationImplCustomizer> (0x0000000089f26108) 
thrown [s\open\src\hotspot\share\classfile\systemDictionary.cpp, line 327]
Event: 4.893 Thread 0x000001fe411f5c90 Exception <a 'java/lang/NoSuchMethodError'{0x0000000089e07478}: 'java.lang.Object java.lang.invoke.DirectMethodHandle$Holder.invokeInterface(java.lang.Object, java.lang.Object, int)'> (0x0000000089e07478) 
thrown [s\open\src\hotspot\share\interpreter\linkResolver.cpp, line 805]
Event: 4.898 Thread 0x000001fe411f5c90 Exception <a 'java/lang/NoSuchMethodError'{0x0000000089e20458}: 'java.lang.Object java.lang.invoke.DirectMethodHandle$Holder.invokeStatic(java.lang.Object, java.lang.Object, java.lang.Object, java.lang.Object, int)'> (0x0000000089e20458) 
thrown [s\open\src\hotspot\share\interpreter\linkResolver.cpp, line 805]
Event: 4.909 Thread 0x000001fe411f5c90 Exception <a 'java/lang/ClassNotFoundException'{0x0000000089e60ed8}: io/restassured/RestAssuredBeanInfo> (0x0000000089e60ed8) 
thrown [s\open\src\hotspot\share\classfile\systemDictionary.cpp, line 327]
Event: 4.910 Thread 0x000001fe411f5c90 Exception <a 'java/lang/ClassNotFoundException'{0x0000000089e63ef0}: io/restassured/RestAssuredCustomizer> (0x0000000089e63ef0) 
thrown [s\open\src\hotspot\share\classfile\systemDictionary.cpp, line 327]
Event: 4.919 Thread 0x000001fe411f5c90 Exception <a 'java/lang/NoSuchMethodError'{0x0000000089e9c548}: 'int java.lang.invoke.Invokers$Holder.invokeExact_MT(java.lang.Object, java.lang.Object)'> (0x0000000089e9c548) 
thrown [s\open\src\hotspot\share\interpreter\linkResolver.cpp, line 805]
Event: 4.936 Thread 0x000001fe411f5c90 Exception <a 'java/lang/ClassNotFoundException'{0x0000000089ed55a8}: io/restassured/internal/assertion/BodyMatcherGroupBeanInfo> (0x0000000089ed55a8) 
thrown [s\open\src\hotspot\share\classfile\systemDictionary.cpp, line 327]
Event: 4.938 Thread 0x000001fe411f5c90 Exception <a 'java/lang/ClassNotFoundException'{0x0000000089ed88c0}: io/restassured/internal/assertion/BodyMatcherGroupCustomizer> (0x0000000089ed88c0) 
thrown [s\open\src\hotspot\share\classfile\systemDictionary.cpp, line 327]
Event: 4.951 Thread 0x000001fe411f5c90 Exception <a 'java/lang/ClassNotFoundException'{0x0000000089efc8a8}: io/restassured/internal/ResponseSpecificationImpl$HamcrestAssertionClosureBeanInfo> (0x0000000089efc8a8) 
thrown [s\open\src\hotspot\share\classfile\systemDictionary.cpp, line 327]
Event: 4.951 Thread 0x000001fe411f5c90 Exception <a 'java/lang/ClassNotFoundException'{0x0000000089d00190}: io/restassured/internal/ResponseSpecificationImpl$HamcrestAssertionClosureCustomizer> (0x0000000089d00190) 
thrown [s\open\src\hotspot\share\classfile\systemDictionary.cpp, line 327]
Event: 4.967 Thread 0x000001fe411f5c90 Exception <a 'java/lang/ClassNotFoundException'{0x0000000089d4e978}: io/restassured/internal/ResponseSpecificationImplBeanInfo> (0x0000000089d4e978) 
thrown [s\open\src\hotspot\share\classfile\systemDictionary.cpp, line 327]
Event: 4.968 Thread 0x000001fe411f5c90 Exception <a 'java/lang/ClassNotFoundException'{0x0000000089d51c40}: io/restassured/internal/ResponseSpecificationImplCustomizer> (0x0000000089d51c40) 
thrown [s\open\src\hotspot\share\classfile\systemDictionary.cpp, line 327]
Event: 4.984 Thread 0x000001fe411f5c90 Exception <a 'java/lang/ClassNotFoundException'{0x0000000089da50d0}: org/apache/commons/lang3/ValidateBeanInfo> (0x0000000089da50d0) 
thrown [s\open\src\hotspot\share\classfile\systemDictionary.cpp, line 327]
Event: 4.984 Thread 0x000001fe411f5c90 Exception <a 'java/lang/ClassNotFoundException'{0x0000000089da81c0}: org/apache/commons/lang3/ValidateCustomizer> (0x0000000089da81c0) 
thrown [s\open\src\hotspot\share\classfile\systemDictionary.cpp, line 327]

VM Operations (20 events):
Event: 1.827 Executing VM operation: HandshakeAllThreads (Deoptimize)
Event: 1.827 Executing VM operation: HandshakeAllThreads (Deoptimize) done
Event: 2.107 Executing VM operation: HandshakeAllThreads (Deoptimize)
Event: 2.107 Executing VM operation: HandshakeAllThreads (Deoptimize) done
Event: 2.108 Executing VM operation: HandshakeAllThreads (Deoptimize)
Event: 2.108 Executing VM operation: HandshakeAllThreads (Deoptimize) done
Event: 2.160 Executing VM operation: HandshakeAllThreads (Deoptimize)
Event: 2.161 Executing VM operation: HandshakeAllThreads (Deoptimize) done
Event: 2.585 Executing VM operation: HandshakeAllThreads (Deoptimize)
Event: 2.585 Executing VM operation: HandshakeAllThreads (Deoptimize) done
Event: 2.899 Executing VM operation: HandshakeAllThreads (Deoptimize)
Event: 2.899 Executing VM operation: HandshakeAllThreads (Deoptimize) done
Event: 3.151 Executing VM operation: HandshakeAllThreads (Deoptimize)
Event: 3.151 Executing VM operation: HandshakeAllThreads (Deoptimize) done
Event: 3.454 Executing VM operation: G1CollectForAllocation (G1 Evacuation Pause)
Event: 3.472 Executing VM operation: G1CollectForAllocation (G1 Evacuation Pause) done
Event: 4.428 Executing VM operation: HandshakeAllThreads (Deoptimize)
Event: 4.428 Executing VM operation: HandshakeAllThreads (Deoptimize) done
Event: 4.465 Executing VM operation: HandshakeAllThreads (Deoptimize)
Event: 4.465 Executing VM operation: HandshakeAllThreads (Deoptimize) done

Memory protections (0 events):
No events

Nmethod flushes (0 events):
No events

Events (16 events):
Event: 0.052 Thread 0x000001fe411f5c90 Thread added: 0x000001fe411f5c90
Event: 0.079 Thread 0x000001fe411f5c90 Thread added: 0x000001fe60246c20
Event: 0.079 Thread 0x000001fe411f5c90 Thread added: 0x000001fe60247360
Event: 0.080 Thread 0x000001fe411f5c90 Thread added: 0x000001fe60251310
Event: 0.080 Thread 0x000001fe411f5c90 Thread added: 0x000001fe60251f30
Event: 0.080 Thread 0x000001fe411f5c90 Thread added: 0x000001fe602536c0
Event: 0.080 Thread 0x000001fe411f5c90 Thread added: 0x000001fe60254e50
Event: 0.080 Thread 0x000001fe411f5c90 Thread added: 0x000001fe602576e0
Event: 0.081 Thread 0x000001fe411f5c90 Thread added: 0x000001fe60262020
Event: 0.086 Thread 0x000001fe411f5c90 Thread added: 0x000001fe6034d000
Event: 0.092 Thread 0x000001fe411f5c90 Thread added: 0x000001fe60362f70
Event: 0.356 Thread 0x000001fe60262020 Thread added: 0x000001fea603ce00
Event: 0.509 Thread 0x000001fe411f5c90 Thread added: 0x000001fe60548710
Event: 0.538 Thread 0x000001fe411f5c90 Thread added: 0x000001fe606adab0
Event: 0.594 Thread 0x000001fea603ce00 Thread exited: 0x000001fea603ce00
Event: 4.490 Thread 0x000001fe60262020 Thread added: 0x000001fea6e715f0


Dynamic libraries:
0x00007ff792d10000 - 0x00007ff792d20000 	C:\Program Files\Java\jdk-24\bin\java.exe
0x00007ff86c1c0000 - 0x00007ff86c428000 	C:\WINDOWS\SYSTEM32\ntdll.dll
0x00007ff86b210000 - 0x00007ff86b2d9000 	C:\WINDOWS\System32\KERNEL32.DLL
0x00007ff8698c0000 - 0x00007ff869cb2000 	C:\WINDOWS\System32\KERNELBASE.dll
0x00007ff869770000 - 0x00007ff8698bb000 	C:\WINDOWS\System32\ucrtbase.dll
0x00007ff857ae0000 - 0x00007ff857afb000 	C:\Program Files\Java\jdk-24\bin\VCRUNTIME140.dll
0x00007ff860c80000 - 0x00007ff860c96000 	C:\Program Files\Java\jdk-24\bin\jli.dll
0x00007ff86b420000 - 0x00007ff86b5e5000 	C:\WINDOWS\System32\USER32.dll
0x00007ff869690000 - 0x00007ff8696b7000 	C:\WINDOWS\System32\win32u.dll
0x00007ff86bd60000 - 0x00007ff86bd8b000 	C:\WINDOWS\System32\GDI32.dll
0x00007ff851fc0000 - 0x00007ff852253000 	C:\WINDOWS\WinSxS\amd64_microsoft.windows.common-controls_6595b64144ccf1df_6.0.26100.6899_none_3e0efeeae32e88c1\COMCTL32.dll
0x00007ff86b680000 - 0x00007ff86b729000 	C:\WINDOWS\System32\msvcrt.dll
0x00007ff8693f0000 - 0x00007ff86951d000 	C:\WINDOWS\System32\gdi32full.dll
0x00007ff8696c0000 - 0x00007ff869763000 	C:\WINDOWS\System32\msvcp_win.dll
0x00007ff869f90000 - 0x00007ff869fbf000 	C:\WINDOWS\System32\IMM32.DLL
0x00007ff85a4d0000 - 0x00007ff85a4dc000 	C:\Program Files\Java\jdk-24\bin\vcruntime140_1.dll
0x00007ff80af10000 - 0x00007ff80af9e000 	C:\Program Files\Java\jdk-24\bin\msvcp140.dll
0x00007fffd5050000 - 0x00007fffd5df1000 	C:\Program Files\Java\jdk-24\bin\server\jvm.dll
0x00007ff86aa30000 - 0x00007ff86aae4000 	C:\WINDOWS\System32\ADVAPI32.dll
0x00007ff86a220000 - 0x00007ff86a2c6000 	C:\WINDOWS\System32\sechost.dll
0x00007ff86bd90000 - 0x00007ff86bea8000 	C:\WINDOWS\System32\RPCRT4.dll
0x00007ff86bee0000 - 0x00007ff86bf54000 	C:\WINDOWS\System32\WS2_32.dll
0x00007ff8691d0000 - 0x00007ff86922e000 	C:\WINDOWS\SYSTEM32\POWRPROF.dll
0x00007ff851f80000 - 0x00007ff851fb5000 	C:\WINDOWS\SYSTEM32\WINMM.dll
0x00007ff85c410000 - 0x00007ff85c41b000 	C:\WINDOWS\SYSTEM32\VERSION.dll
0x00007ff8691b0000 - 0x00007ff8691c4000 	C:\WINDOWS\SYSTEM32\UMPDC.dll
0x00007ff868120000 - 0x00007ff86813b000 	C:\WINDOWS\SYSTEM32\kernel.appcore.dll
0x00007ff858d80000 - 0x00007ff858d8a000 	C:\Program Files\Java\jdk-24\bin\jimage.dll
0x00007ff866a50000 - 0x00007ff866c92000 	C:\WINDOWS\SYSTEM32\DBGHELP.DLL
0x00007ff86b9b0000 - 0x00007ff86bd2b000 	C:\WINDOWS\System32\combase.dll
0x00007ff86b340000 - 0x00007ff86b417000 	C:\WINDOWS\System32\OLEAUT32.dll
0x00007ff84e6c0000 - 0x00007ff84e6fc000 	C:\WINDOWS\SYSTEM32\dbgcore.DLL
0x00007ff869350000 - 0x00007ff8693e8000 	C:\WINDOWS\System32\bcryptPrimitives.dll
0x00007ff8554e0000 - 0x00007ff8554fe000 	C:\Program Files\Java\jdk-24\bin\java.dll
0x00007ff86af80000 - 0x00007ff86b118000 	C:\WINDOWS\System32\ole32.dll
0x00007ff86a2d0000 - 0x00007ff86aa1d000 	C:\WINDOWS\System32\SHELL32.dll
0x00007ff869520000 - 0x00007ff86968b000 	C:\WINDOWS\System32\wintypes.dll
0x00007ff866fe0000 - 0x00007ff86783d000 	C:\WINDOWS\SYSTEM32\windows.storage.dll
0x00007ff86b730000 - 0x00007ff86b822000 	C:\WINDOWS\System32\SHCORE.dll
0x00007ff86b1a0000 - 0x00007ff86b202000 	C:\WINDOWS\System32\shlwapi.dll
0x00007ff869270000 - 0x00007ff869299000 	C:\WINDOWS\SYSTEM32\profapi.dll
0x00007ff8109a0000 - 0x00007ff810a77000 	C:\Program Files\Java\jdk-24\bin\jsvml.dll
0x00007ff858d50000 - 0x00007ff858d60000 	C:\Program Files\Java\jdk-24\bin\net.dll
0x00007ff868690000 - 0x00007ff8686fb000 	C:\WINDOWS\system32\mswsock.dll
0x00007ff84df90000 - 0x00007ff84dfa6000 	C:\Program Files\Java\jdk-24\bin\nio.dll
0x00007ff84ad80000 - 0x00007ff84ad97000 	C:\Program Files\Java\jdk-24\bin\zip.dll
0x00007ff863ea0000 - 0x00007ff863eaa000 	C:\Program Files\Java\jdk-24\bin\management.dll
0x00007ff85c610000 - 0x00007ff85c61b000 	C:\Program Files\Java\jdk-24\bin\management_ext.dll
0x00007ff86bd50000 - 0x00007ff86bd58000 	C:\WINDOWS\System32\PSAPI.DLL
0x00007ff868940000 - 0x00007ff86895b000 	C:\WINDOWS\SYSTEM32\CRYPTSP.dll
0x00007ff868080000 - 0x00007ff8680bb000 	C:\WINDOWS\system32\rsaenh.dll
0x00007ff868730000 - 0x00007ff86875b000 	C:\WINDOWS\SYSTEM32\USERENV.dll
0x00007ff869240000 - 0x00007ff869266000 	C:\WINDOWS\SYSTEM32\bcrypt.dll
0x00007ff868960000 - 0x00007ff86896c000 	C:\WINDOWS\SYSTEM32\CRYPTBASE.dll
0x00007ff867b40000 - 0x00007ff867b74000 	C:\WINDOWS\SYSTEM32\IPHLPAPI.DLL
0x00007ff86bd30000 - 0x00007ff86bd3a000 	C:\WINDOWS\System32\NSI.dll
0x00007ff843250000 - 0x00007ff843268000 	C:\WINDOWS\system32\napinsp.dll
0x00007ff867bd0000 - 0x00007ff867cf6000 	C:\WINDOWS\SYSTEM32\DNSAPI.dll
0x00007ff843170000 - 0x00007ff843182000 	C:\WINDOWS\System32\winrnr.dll
0x00007ff843220000 - 0x00007ff843248000 	C:\WINDOWS\system32\nlansp_c.dll
0x00007ff85ceb0000 - 0x00007ff85cec6000 	C:\WINDOWS\system32\wshbth.dll
0x00007ff85a890000 - 0x00007ff85a89b000 	C:\Windows\System32\rasadhlp.dll
0x00007ff85aa80000 - 0x00007ff85ab06000 	C:\WINDOWS\System32\fwpuclnt.dll
0x00007ff858270000 - 0x00007ff858280000 	C:\Program Files\Java\jdk-24\bin\verify.dll

JVMTI agents: none

dbghelp: loaded successfully - version: 4.0.5 - missing functions: none
symbol engine: initialized successfully - sym options: 0x614 - pdb path: .;C:\Program Files\Java\jdk-24\bin;C:\WINDOWS\SYSTEM32;C:\WINDOWS\WinSxS\amd64_microsoft.windows.common-controls_6595b64144ccf1df_6.0.26100.6899_none_3e0efeeae32e88c1;C:\Program Files\Java\jdk-24\bin\server

VM Arguments:
java_command: C:\Users\alisi\AppData\Local\Temp\surefire2600248381464735820\surefirebooter-20251109144541911_3.jar C:\Users\alisi\AppData\Local\Temp\surefire2600248381464735820 2025-11-09T14-45-41_356-jvmRun1 surefire-20251109144541911_1tmp surefire_0-20251109144541911_2tmp
java_class_path (initial): C:\Users\alisi\AppData\Local\Temp\surefire2600248381464735820\surefirebooter-20251109144541911_3.jar
Launcher Type: SUN_STANDARD

[Global flags]
     intx CICompilerCount                          = 4                                         {product} {ergonomic}
     uint ConcGCThreads                            = 2                                         {product} {ergonomic}
     uint G1ConcRefinementThreads                  = 8                                         {product} {ergonomic}
   size_t G1HeapRegionSize                         = 1048576                                   {product} {ergonomic}
   size_t InitialHeapSize                          = 132120576                                 {product} {ergonomic}
   size_t MarkStackSize                            = 4194304                                   {product} {ergonomic}
   size_t MarkStackSizeMax                         = 536870912                                 {product} {ergonomic}
   size_t MaxHeapSize                              = 2086666240                                {product} {ergonomic}
   size_t MaxNewSize                               = 1251999744                                {product} {ergonomic}
   size_t MinHeapDeltaBytes                        = 1048576                                   {product} {ergonomic}
   size_t MinHeapSize                              = 8388608                                   {product} {ergonomic}
    uintx NonNMethodCodeHeapSize                   = 5832704                                {pd product} {ergonomic}
    uintx NonProfiledCodeHeapSize                  = 122945536                              {pd product} {ergonomic}
    uintx ProfiledCodeHeapSize                     = 122880000                              {pd product} {ergonomic}
    uintx ReservedCodeCacheSize                    = 251658240                              {pd product} {ergonomic}
     bool SegmentedCodeCache                       = true                                      {product} {ergonomic}
   size_t SoftMaxHeapSize                          = 2086666240                             {manageable} {ergonomic}
     bool UseCompressedOops                        = true                           {product lp64_product} {ergonomic}
     bool UseG1GC                                  = true                                      {product} {ergonomic}
     bool UseLargePagesIndividualAllocation        = false                                  {pd product} {ergonomic}

Logging:
Log output configuration:
 #0: stdout all=warning uptime,level,tags foldmultilines=false
 #1: stderr all=off uptime,level,tags foldmultilines=false

Environment Variables:
PATH=C:\Program Files\Common Files\Oracle\Java\javapath;C:\Program Files (x86)\Common Files\Oracle\Java\javapath;C:\WINDOWS\system32;C:\WINDOWS;C:\WINDOWS\System32\Wbem;C:\WINDOWS\System32\WindowsPowerShell\v1.0\;C:\WINDOWS\System32\OpenSSH\;C:\Program Files\dotnet\;C:\Program Files\Java\jdk-24;C:\Program Files\Java\jdk-24;C:\Tools\apache-maven-3.9.11\bin;C:\Tools\allure-2.35.1\allure-2.35.1\bin;C:\Program Files\Git\cmd;C:\Users\alisi\AppData\Local\Programs\Python\Python311\Scripts\;C:\Users\alisi\AppData\Local\Programs\Python\Python311\;C:\Program Files\MySQL\MySQL Shell 8.0\bin\;C:\Users\alisi\AppData\Local\Microsoft\WindowsApps;C:\Users\alisi\AppData\Local\GitHubDesktop\bin;;C:\Program Files\JetBrains\IntelliJ IDEA 2025.1.3\bin;;C:\Users\alisi\AppData\Local\Programs\Microsoft VS Code\bin
USERNAME=alisi
LANG=en_US.UTF-8
OS=Windows_NT
PROCESSOR_IDENTIFIER=Intel64 Family 6 Model 126 Stepping 5, GenuineIntel
TMP=C:\Users\alisi\AppData\Local\Temp
TEMP=C:\Users\alisi\AppData\Local\Temp




Periodic native trim disabled

---------------  S Y S T E M  ---------------

OS:
 Windows 11 , 64 bit Build 26100 (10.0.26100.6725)
OS uptime: 23 days 1:11 hours

CPU: total 8 (initial active 8) (4 cores per cpu, 2 threads per core) family 6 model 126 stepping 5 microcode 0xc2, cx8, cmov, fxsr, ht, mmx, 3dnowpref, sse, sse2, sse3, ssse3, sse4.1, sse4.2, popcnt, lzcnt, tsc, tscinvbit, avx, avx2, aes, erms, clmul, bmi1, bmi2, adx, avx512f, avx512dq, avx512cd, avx512bw, avx512vl, sha, fma, vzeroupper, avx512_vpopcntdq, avx512_vpclmulqdq, avx512_vaes, avx512_vnni, clflush, clflushopt, avx512_vbmi2, avx512_vbmi, rdtscp, rdpid, fsrm, gfni, avx512_bitalg, f16c, pku, avx512_ifma
Processor Information for the first 8 processors :
  Max Mhz: 1190, Current Mhz: 991, Mhz Limit: 987

Memory: 4k page, system-wide physical 7959M (422M free)
TotalPageFile size 32535M (AvailPageFile size 13M)
current process WorkingSet (physical memory assigned to process): 165M, peak: 168M
current process commit charge ("private bytes"): 273M, peak: 284M

vm_info: Java HotSpot(TM) 64-Bit Server VM (24.0.2+12-54) for windows-amd64 JRE (24.0.2+12-54), built on 2025-07-08T12:10:27Z with MS VC++ 17.6 (VS2022)

END.
